INFO:root: 18:56:59.219548file 't4.yaml' created in '/root/Migration-as-a-Service/ansible/config_files'
INFO:root: 19:01:00.862030file 't4.yaml' deleted in '/root/Migration-as-a-Service/ansible/config_files'
INFO:root: 19:02:15.707568 file 't4.yml' created in '/root/Migration-as-a-Service/ansible/config_files'
INFO:root: 19:02:22.652754 file 't4.yml' modified in '/root/Migration-as-a-Service/ansible/config_files'
INFO:root: 19:02:22.653003 file 't4.yml' modified in '/root/Migration-as-a-Service/ansible/config_files'
INFO:root: 19:02:27.029340 file 't4.yml' deleted in '/root/Migration-as-a-Service/ansible/config_files'
INFO:root: 06:34:45.877511 file 't4.yml' modified in '/root/Migration-as-a-Service/ansible/config_files/infrastructure'
INFO:root: 06:34:45.878125 file 't4.yml' modified in '/root/Migration-as-a-Service/ansible/config_files/infrastructure'
INFO:root: 06:34:59.875061 file 't5.yml' created in '/root/Migration-as-a-Service/ansible/config_files/infrastructure'
INFO:root: 06:34:59.896927 file 't5.yml' modified in '/root/Migration-as-a-Service/ansible/config_files/infrastructure'
INFO:root: 06:35:36.087833 file 't6.yml' created in '/root/Migration-as-a-Service/ansible/config_files/infrastructure'
INFO:root: 06:35:36.109761 file 't6.yml' modified in '/root/Migration-as-a-Service/ansible/config_files/infrastructure'
INFO:root: 06:36:10.619206 file 't7.yml' created in '/root/Migration-as-a-Service/ansible/config_files/infrastructure'
INFO:root: 06:36:10.682316 file 't7.yml' modified in '/root/Migration-as-a-Service/ansible/config_files/infrastructure'
INFO:root: 06:42:49.665602 file 't2.yml' created in '/root/Migration-as-a-Service/ansible/config_files/infrastructure'
INFO:root: 06:42:49.755267 file 't2.yml' modified in '/root/Migration-as-a-Service/ansible/config_files/infrastructure'
INFO:root: 06:43:43.671138 file 't3.yml' created in '/root/Migration-as-a-Service/ansible/config_files/infrastructure'
INFO:root: 06:43:43.904499 file 't3.yml' modified in '/root/Migration-as-a-Service/ansible/config_files/infrastructure'
INFO:root: 07:08:25.768901 file 't3.yml' created in '/root/Migration-as-a-Service/ansible/config_files/infrastructure'
INFO:root: 07:08:25.966308 file 't3.yml' modified in '/root/Migration-as-a-Service/ansible/config_files/infrastructure'
INFO:root: 07:09:22.246232 file 't3.yml' created in '/root/Migration-as-a-Service/ansible/config_files/infrastructure'
INFO:root: 07:09:22.249046 file 't3.yml' modified in '/root/Migration-as-a-Service/ansible/config_files/infrastructure'
INFO:root: 07:11:17.756241 file 't3.yml' created in '/root/Migration-as-a-Service/ansible/config_files/infrastructure'
INFO:root: 07:11:17.756654 file 't3.yml' modified in '/root/Migration-as-a-Service/ansible/config_files/infrastructure'
INFO:root: 07:13:20.390005 file 't4.yml' created in '/root/Migration-as-a-Service/ansible/config_files/infrastructure'
INFO:root: 07:13:20.391614 file 't4.yml' modified in '/root/Migration-as-a-Service/ansible/config_files/infrastructure'
INFO:root: 07:21:31.396875 file 't5.yml' created in '/root/Migration-as-a-Service/ansible/config_files/infrastructure'
INFO:root: 07:21:31.398420 file 't5.yml' modified in '/root/Migration-as-a-Service/ansible/config_files/infrastructure'
INFO:root: 07:22:38.473043 file 't6.yml' created in '/root/Migration-as-a-Service/ansible/config_files/infrastructure'
INFO:root: 07:22:38.473318 file 't6.yml' modified in '/root/Migration-as-a-Service/ansible/config_files/infrastructure'
INFO:root: 07:25:11.271759 file 't2.yml' created in '/root/Migration-as-a-Service/ansible/config_files/infrastructure'
INFO:root: 07:25:11.272098 file 't2.yml' modified in '/root/Migration-as-a-Service/ansible/config_files/infrastructure'
INFO:root: 07:25:32.488047 file 't3.yml' created in '/root/Migration-as-a-Service/ansible/config_files/infrastructure'
INFO:root: 07:25:32.488334 file 't3.yml' modified in '/root/Migration-as-a-Service/ansible/config_files/infrastructure'
INFO:root: 07:26:44.953335 file 't4.yml' created in '/root/Migration-as-a-Service/ansible/config_files/infrastructure'
INFO:root: 07:26:45.233514 file 't4.yml' modified in '/root/Migration-as-a-Service/ansible/config_files/infrastructure'
INFO:root: 07:28:08.889309 file 't5.yml' created in '/root/Migration-as-a-Service/ansible/config_files/infrastructure'
INFO:root: 07:28:44.225076 file 't6.yml' created in '/root/Migration-as-a-Service/ansible/config_files/infrastructure'
INFO:root: 07:28:44.478874 file 't6.yml' modified in '/root/Migration-as-a-Service/ansible/config_files/infrastructure'
INFO:root: 07:29:18.908065 file 't7.yml' created in '/root/Migration-as-a-Service/ansible/config_files/infrastructure'
INFO:root: 07:29:19.194607 file 't7.yml' modified in '/root/Migration-as-a-Service/ansible/config_files/infrastructure'
INFO:root: 07:30:04.133550 file 't8.yml' created in '/root/Migration-as-a-Service/ansible/config_files/infrastructure'
INFO:root: 07:30:04.301701 file 't8.yml' modified in '/root/Migration-as-a-Service/ansible/config_files/infrastructure'
INFO:root: 07:50:56.760915 file 't3.yml' created in '/root/Migration-as-a-Service/ansible/config_files/infrastructure'
INFO:root: 07:52:30.992865 file 't4.yml' created in '/root/Migration-as-a-Service/ansible/config_files/infrastructure'
INFO:root: 07:58:52.993905 file 't3.yml' created in '/root/Migration-as-a-Service/ansible/config_files/infrastructure'
INFO:root: 08:04:09.964056 file 't4.yml' created in '/root/Migration-as-a-Service/ansible/config_files/infrastructure'
INFO:root: 08:04:34.179464 file 't5.yml' created in '/root/Migration-as-a-Service/ansible/config_files/infrastructure'
INFO:root: 08:27:29.661378 file '.t1.yml.swp' created in '/root/Migration-as-a-Service/ansible/config_files/infrastructure'
INFO:root: 08:27:29.667318 Created /VM_templates directory for tenant .t1.yml.swp
INFO:root: 08:27:34.773031 file '.t1.yml.swx' created in '/root/Migration-as-a-Service/ansible/config_files/infrastructure'
INFO:root: 08:27:34.777660 Created /VM_templates directory for tenant .t1.yml.swx
INFO:root: 08:27:39.538502 file '.t1.yml.swp' created in '/root/Migration-as-a-Service/ansible/config_files/infrastructure'
INFO:root: 08:27:39.543352 Created /VM_templates directory for tenant .t1.yml.swp
INFO:root: 08:27:53.767559 file '4913' created in '/root/Migration-as-a-Service/ansible/config_files/infrastructure'
INFO:root: 08:27:53.773225 Created 4913/VM_templates directory for tenant 4913
INFO:root: 08:27:58.763993 file 't1.yml' created in '/root/Migration-as-a-Service/ansible/config_files/infrastructure'
INFO:root: 08:27:58.769090 Created t1/VM_templates directory for tenant t1.yml
INFO:root: 08:33:01.392543 file 't2.yml' created in '/root/Migration-as-a-Service/ansible/config_files/infrastructure'
INFO:root: 08:33:01.397227 Created t2/VM_templates directory for tenant t2.yml
INFO:root: 08:35:05.682216 file 't3.yml' created in '/root/Migration-as-a-Service/ansible/config_files/infrastructure'
INFO:root: 08:35:05.687793 Created t3/VM_templates directory for tenant t3.yml
INFO:root: 08:39:22.123461 file 't2.yml' created in '/root/Migration-as-a-Service/ansible/config_files/infrastructure'
INFO:root: 08:39:22.129075 Created t2/VM_templates directory for tenant t2.yml
INFO:root: 08:40:09.968991 file 't2.yml' created in '/root/Migration-as-a-Service/ansible/config_files/infrastructure'
INFO:root: 08:40:09.974086 Created t2/VM_templates directory for tenant t2.yml
INFO:root: 08:40:57.382468 file 't2.yml' created in '/root/Migration-as-a-Service/ansible/config_files/infrastructure'
INFO:root: 08:40:57.387715 Created t2/VM_templates directory for tenant t2.yml
INFO:root: 08:41:45.653885 file 't2.yml' created in '/root/Migration-as-a-Service/ansible/config_files/infrastructure'
INFO:root: 08:41:45.659283 Created t2/VM_templates directory for tenant t2.yml
INFO:root: 08:42:38.883463 file 't2.yml' created in '/root/Migration-as-a-Service/ansible/config_files/infrastructure'
INFO:root: 08:42:38.888532 Created t2/VM_templates directory for tenant t2.yml
INFO:root: 08:43:38.233072 file 't2.yml' created in '/root/Migration-as-a-Service/ansible/config_files/infrastructure'
INFO:root: 08:43:38.239118 Created t2/VM_templates directory for tenant t2.yml
INFO:root: 08:49:48.302522 file 't3.yml' created in '/root/Migration-as-a-Service/ansible/config_files/infrastructure'
INFO:root: 08:49:48.307716 Created t3/VM_templates directory for tenant t3.yml
INFO:root: 09:05:16.567540 file 't4.yml' created in '/root/Migration-as-a-Service/ansible/config_files/infrastructure'
INFO:root: 09:05:16.573810 Created t4/VM_templates directory for tenant t4.yml
INFO:root: 09:05:38.793425 file 't4.yml' created in '/root/Migration-as-a-Service/ansible/config_files/infrastructure'
INFO:root: 09:05:38.798628 Created t4/VM_templates directory for tenant t4.yml
INFO:root: 09:06:16.806365 file 't4.yml' created in '/root/Migration-as-a-Service/ansible/config_files/infrastructure'
INFO:root: 09:06:16.811912 Created t4/VM_templates directory for tenant t4.yml
INFO:root: 09:06:54.885541 file 't4.yml' created in '/root/Migration-as-a-Service/ansible/config_files/infrastructure'
INFO:root: 09:06:54.890471 Created t4/VM_templates directory for tenant t4.yml
INFO:root: 09:07:07.160872 file 't4.yml' created in '/root/Migration-as-a-Service/ansible/config_files/infrastructure'
INFO:root: 09:07:07.166101 Created t4/VM_templates directory for tenant t4.yml
INFO:root: 09:07:45.201161 file 't4.yml' created in '/root/Migration-as-a-Service/ansible/config_files/infrastructure'
INFO:root: 09:07:45.207181 Created t4/VM_templates directory for tenant t4.yml
INFO:root: 09:08:25.982665 file 't4.yml' created in '/root/Migration-as-a-Service/ansible/config_files/infrastructure'
INFO:root: 09:08:25.988962 Created t4/VM_templates directory for tenant t4.yml
INFO:root: 09:08:45.833025 file 't4.yml' created in '/root/Migration-as-a-Service/ansible/config_files/infrastructure'
INFO:root: 09:08:45.837348 Created t4/VM_templates directory for tenant t4.yml
INFO:root: 09:10:19.337194 file 't4.yml' created in '/root/Migration-as-a-Service/ansible/config_files/infrastructure'
INFO:root: 09:10:19.341713 Created t4/VM_templates directory for tenant t4.yml
INFO:root: 09:10:32.951458 file 't4.yml' created in '/root/Migration-as-a-Service/ansible/config_files/infrastructure'
INFO:root: 09:10:32.957172 Created t4/VM_templates directory for tenant t4.yml
INFO:root: 09:12:12.968110 file 't4.yml' created in '/root/Migration-as-a-Service/ansible/config_files/infrastructure'
INFO:root: 09:12:24.881576 file 't4.yml' created in '/root/Migration-as-a-Service/ansible/config_files/infrastructure'
INFO:root: 09:59:15.493200 file 't1.yml' created in '/root/Migration-as-a-Service/ansible/config_files/infrastructure'
INFO:root: 09:59:15.498525 Created t1/VM_templates directory for tenant t1.yml
INFO:root: 10:00:48.831762 Completed creating the required infrastructure
INFO:root: 10:22:35.691225 file 't2.yml' created in '/root/Migration-as-a-Service/ansible/config_files/infrastructure'
INFO:root: 10:22:35.692363 file 't2.yml' created in '/root/Migration-as-a-Service/ansible/config_files/infrastructure'
INFO:root: 10:23:09.566650 Completed creating the required infrastructure
INFO:root: 10:23:57.383153 Completed creating the required infrastructure
INFO:root: 10:24:18.020070 file 't3.yml' created in '/root/Migration-as-a-Service/ansible/config_files/infrastructure'
INFO:root: 10:24:18.020120 file 't3.yml' created in '/root/Migration-as-a-Service/ansible/config_files/infrastructure'
INFO:root: 10:25:30.539248 Completed creating the required infrastructure
INFO:root: 10:25:36.045280 Completed creating the required infrastructure
INFO:root: 10:28:36.844579 file '.t3.yml.swp' created in '/root/Migration-as-a-Service/ansible/config_files/infrastructure'
INFO:root: 10:28:41.994548 Completed creating the required infrastructure
INFO:root: 10:28:41.995068 file '.t3.yml.swx' created in '/root/Migration-as-a-Service/ansible/config_files/infrastructure'
INFO:root: 10:28:47.262744 Completed creating the required infrastructure
INFO:root: 10:28:47.263263 file '.t3.yml.swp' created in '/root/Migration-as-a-Service/ansible/config_files/infrastructure'
INFO:root: 10:28:52.347761 Completed creating the required infrastructure
INFO:root: 10:28:53.516073 file '4913' created in '/root/Migration-as-a-Service/ansible/config_files/infrastructure'
INFO:root: 10:28:53.520813 Created 4913/VM_templates directory for tenant 4913
INFO:root: 10:28:58.582326 Completed creating the required infrastructure
INFO:root: 10:28:58.582886 file 't3.yml' created in '/root/Migration-as-a-Service/ansible/config_files/infrastructure'
INFO:root: 10:32:03.347521 Completed creating the required infrastructure
INFO:root: 10:32:48.724719 file '.t3.yml.swp' created in '/root/Migration-as-a-Service/ansible/config_files/infrastructure'
INFO:root: 10:32:53.892208 Completed creating the required infrastructure
INFO:root: 10:32:53.892640 file '.t3.yml.swx' created in '/root/Migration-as-a-Service/ansible/config_files/infrastructure'
INFO:root: 10:32:59.044441 Completed creating the required infrastructure
INFO:root: 10:32:59.044987 file '.t3.yml.swp' created in '/root/Migration-as-a-Service/ansible/config_files/infrastructure'
INFO:root: 10:33:04.099651 Completed creating the required infrastructure
INFO:root: 10:34:52.852644 file '4913' created in '/root/Migration-as-a-Service/ansible/config_files/infrastructure'
INFO:root: 10:34:57.994245 Completed creating the required infrastructure
INFO:root: 10:34:57.994819 file 't3.yml' created in '/root/Migration-as-a-Service/ansible/config_files/infrastructure'
INFO:root: 10:38:48.205896 Completed creating the required infrastructure
INFO:root: 10:39:23.898381 file '.t3.yml.swp' created in '/root/Migration-as-a-Service/ansible/config_files/infrastructure'
INFO:root: 10:39:29.059139 Completed creating the required infrastructure
INFO:root: 10:39:29.059746 file '.t3.yml.swx' created in '/root/Migration-as-a-Service/ansible/config_files/infrastructure'
INFO:root: 10:39:34.346402 Completed creating the required infrastructure
INFO:root: 10:39:34.347026 file '.t3.yml.swp' created in '/root/Migration-as-a-Service/ansible/config_files/infrastructure'
INFO:root: 10:39:39.631405 Completed creating the required infrastructure
INFO:root: 10:51:07.228917 file 't2.yml' created in '/root/Migration-as-a-Service/ansible/config_files/infrastructure'
INFO:root: 10:52:28.208069 Completed creating the required infrastructure
INFO:root: 10:52:51.945639 file 't2_mig.yml' created in '/root/Migration-as-a-Service/ansible/config_files/migration'
INFO:root: 00:09:15.098127 file 't1.yml' created in '/root/Migration-as-a-Service/ansible/config_files/infrastructure'
INFO:root: 00:10:50.304199 Completed creating the required infrastructure
INFO:root: 00:10:50.305315 file '.t1_mig.yml.swp' created in '/root/Migration-as-a-Service/ansible/config_files/migration'
INFO:root: 00:10:50.305421 file '.t1_mig.yml.swx' created in '/root/Migration-as-a-Service/ansible/config_files/migration'
INFO:root: 00:10:50.305513 file '.t1_mig.yml.swp' created in '/root/Migration-as-a-Service/ansible/config_files/migration'
INFO:root: 00:10:50.305632 file '4913' created in '/root/Migration-as-a-Service/ansible/config_files/migration'
INFO:root: 00:10:50.305730 file 't1_mig.yml' created in '/root/Migration-as-a-Service/ansible/config_files/migration'
INFO:root: 00:10:51.209380 file '4913' created in '/root/Migration-as-a-Service/ansible/config_files/migration'
INFO:root: 00:10:51.209615 file 't1_mig.yml' created in '/root/Migration-as-a-Service/ansible/config_files/migration'
INFO:root: 00:15:27.475251 file '.t1_mig.yml.swp' created in '/root/Migration-as-a-Service/ansible/config_files/migration'
INFO:root: 00:15:27.475483 file '.t1_mig.yml.swx' created in '/root/Migration-as-a-Service/ansible/config_files/migration'
INFO:root: 00:15:27.475728 file '.t1_mig.yml.swp' created in '/root/Migration-as-a-Service/ansible/config_files/migration'
INFO:root: 00:15:36.634294 file '.t1_mig.yml.swx' created in '/root/Migration-as-a-Service/ansible/config_files/migration'
INFO:root: 00:15:38.020059 file '.t1_mig.yml.swo' created in '/root/Migration-as-a-Service/ansible/config_files/migration'
INFO:root: 00:15:42.948913 file '4913' created in '/root/Migration-as-a-Service/ansible/config_files/migration'
INFO:root: 00:15:42.949326 file 't1_mig.yml' created in '/root/Migration-as-a-Service/ansible/config_files/migration'
INFO:root: 00:15:58.097680 file '.t1_mig.yml.swp' created in '/root/Migration-as-a-Service/ansible/config_files/migration'
INFO:root: 00:15:58.097923 file '.t1_mig.yml.swx' created in '/root/Migration-as-a-Service/ansible/config_files/migration'
INFO:root: 00:15:58.098027 file '.t1_mig.yml.swp' created in '/root/Migration-as-a-Service/ansible/config_files/migration'
INFO:root: 00:16:14.216560 file '4913' created in '/root/Migration-as-a-Service/ansible/config_files/migration'
INFO:root: 00:16:14.216854 file 't1_mig.yml' created in '/root/Migration-as-a-Service/ansible/config_files/migration'
INFO:root: 00:24:26.552266 file 't2.yml' created in '/root/Migration-as-a-Service/ansible/config_files/infrastructure'
INFO:root: 00:24:26.558360 Created t2/VM_templates directory for tenant t2.yml
INFO:root: 00:27:27.800807 Completed creating the required infrastructure
INFO:root: 00:41:52.179099 file '.t1.yml.swp' created in '/root/Migration-as-a-Service/ansible/config_files/infrastructure'
INFO:root: 00:41:57.227570 Completed creating the required infrastructure
INFO:root: 00:41:57.228149 file '.t1.yml.swx' created in '/root/Migration-as-a-Service/ansible/config_files/infrastructure'
INFO:root: 00:42:02.352142 Completed creating the required infrastructure
INFO:root: 00:42:02.353274 file '.t1.yml.swp' created in '/root/Migration-as-a-Service/ansible/config_files/infrastructure'
INFO:root: 00:42:07.466888 Completed creating the required infrastructure
INFO:root: 01:11:00.555112 file 't3.yml' created in '/root/Migration-as-a-Service/ansible/config_files/infrastructure'
INFO:root: 01:11:00.560908 Created t3/VM_templates directory for tenant t3.yml
INFO:root: 01:12:23.207462 file 't4.yml' created in '/root/Migration-as-a-Service/ansible/config_files/infrastructure'
INFO:root: 01:12:23.213661 Created t4/VM_templates directory for tenant t4.yml
INFO:root: 01:21:18.804038 file 't5.yml' created in '/root/Migration-as-a-Service/ansible/config_files/infrastructure'
INFO:root: 01:21:18.808493 Created t5/VM_templates directory for tenant t5.yml
INFO:root: 01:22:03.461645 file 't6.yml' created in '/root/Migration-as-a-Service/ansible/config_files/infrastructure'
INFO:root: 01:22:03.466199 Created t6/VM_templates directory for tenant t6.yml
INFO:root: 01:23:28.085513 file 't7.yml' created in '/root/Migration-as-a-Service/ansible/config_files/infrastructure'
INFO:root: 01:23:28.090571 Created t7/VM_templates directory for tenant t7.yml
INFO:root: 02:29:47.442607 file 't3_mig.yml' created in '/root/Migration-as-a-Service/ansible/config_files/migration'
INFO:root: 02:29:47.445786 Created t3_migdirectory for tenant t3_mig.yml
ERROR:root: 02:29:47.576715 FAILED to migrate for tenant t3_mig
INFO:root: 02:31:01.824603 file 't4_mig.yml' created in '/root/Migration-as-a-Service/ansible/config_files/migration'
INFO:root: 02:31:01.827845 Created t4_migdirectory for tenant t4_mig.yml
ERROR:root: 02:31:01.959370 FAILED to migrate for tenant t4_mig
INFO:root: 02:31:59.726942 file 't5_mig.yml' created in '/root/Migration-as-a-Service/ansible/config_files/migration'
INFO:root: 02:31:59.730194 Created t5_migdirectory for tenant t5_mig.yml
ERROR:root: 02:31:59.853458 FAILED to migrate for tenant t5_mig
INFO:root: 02:33:34.060869 file 't6_mig.yml' created in '/root/Migration-as-a-Service/ansible/config_files/migration'
INFO:root: 02:33:34.063466 Created t6_migdirectory for tenant t6_mig.yml
ERROR:root: 02:33:34.213453 FAILED to migrate for tenant t6_mig
INFO:root: 02:35:30.272250 file 't7_mig.yml' created in '/root/Migration-as-a-Service/ansible/config_files/migration'
INFO:root: 02:35:30.274442 Created t7_migdirectory for tenant t7_mig.yml
INFO:root: 03:26:43.798824 file 't2.yml' created in '/root/Migration-as-a-Service/ansible/config_files/infrastructure'
INFO:root: 03:26:43.803933 Created t2/VM_templates directory for tenant t2.yml
ERROR:root: 03:26:45.236571 FAILED to create infrastructure for tenant t2
INFO:root: 03:26:45.236909 SUCCESSFULLY completed creating the required infrastructure for tenant t2
INFO:root: 03:26:51.874853 file '.t2.yml.swp' created in '/root/Migration-as-a-Service/ansible/config_files/infrastructure'
ERROR:root: 03:26:51.924044 FAILED to create infrastructure for tenant 
INFO:root: 03:26:51.924338 SUCCESSFULLY completed creating the required infrastructure for tenant 
INFO:root: 03:26:51.924476 file '.t2.yml.swx' created in '/root/Migration-as-a-Service/ansible/config_files/infrastructure'
ERROR:root: 03:26:52.039483 FAILED to create infrastructure for tenant 
INFO:root: 03:26:52.039800 SUCCESSFULLY completed creating the required infrastructure for tenant 
INFO:root: 03:26:52.040036 file '.t2.yml.swp' created in '/root/Migration-as-a-Service/ansible/config_files/infrastructure'
ERROR:root: 03:26:52.095405 FAILED to create infrastructure for tenant 
INFO:root: 03:26:52.095755 SUCCESSFULLY completed creating the required infrastructure for tenant 
INFO:root: 03:28:05.386891 file 't1.yml' created in '/root/Migration-as-a-Service/ansible/config_files/infrastructure'
INFO:root: 03:28:05.391301 Created t1/VM_templates directory for tenant t1.yml
INFO:root: 03:28:05.450569 SUCCESSFULLY completed creating the required infrastructure for tenant t1
INFO:root: 03:28:28.324127 file 't1.yml' created in '/root/Migration-as-a-Service/ansible/config_files/infrastructure'
INFO:root: 03:37:40.895978 SUCCESSFULLY completed creating the required infrastructure for tenant t1
INFO:root: 03:42:34.703671 file 't1_mig.yml' created in '/root/Migration-as-a-Service/ansible/config_files/migration'
INFO:root: 03:42:34.706369 Created t1_migdirectory for tenant t1_mig.yml
ERROR:root: 03:47:21.787652 FAILED to migrate for tenant t1_mig
INFO:root: 03:50:44.092648 file 't1_mig.yml' created in '/root/Migration-as-a-Service/ansible/config_files/migration'
ERROR:root: 03:55:14.442745 FAILED to migrate for tenant t1_mig
INFO:root: 03:57:39.352200 file 't2.yml' created in '/root/Migration-as-a-Service/ansible/config_files/infrastructure'
INFO:root: 04:05:27.164056 SUCCESSFULLY completed creating the required infrastructure for tenant t2
INFO:root: 05:17:00.801826 file 't1.yml' created in '/root/Migration-as-a-Service/ansible/config_files/infrastructure'
INFO:root: 05:17:00.806726 Created t1/VM_templates directory for tenant t1.yml
INFO:root: 05:25:15.574456 SUCCESSFULLY completed creating the required infrastructure for tenant t1
INFO:root: 05:25:15.576679 file 't1.yml' modified in '/root/Migration-as-a-Service/ansible/config_files/infrastructure'
INFO:root: 05:25:15.577423 file '.t1.yml.swp' created in '/root/Migration-as-a-Service/ansible/config_files/infrastructure'
ERROR:root: 05:25:15.805555 FAILED to create infrastructure for tenant 
INFO:root: 05:25:15.805974 SUCCESSFULLY completed creating the required infrastructure for tenant 
INFO:root: 05:25:15.806151 file '.t1.yml.swx' created in '/root/Migration-as-a-Service/ansible/config_files/infrastructure'
ERROR:root: 05:25:15.934215 FAILED to create infrastructure for tenant 
INFO:root: 05:25:15.934675 SUCCESSFULLY completed creating the required infrastructure for tenant 
INFO:root: 05:25:15.935003 file '.t1.yml.swx' deleted in '/root/Migration-as-a-Service/ansible/config_files/infrastructure'
INFO:root: 05:25:15.935116 file '.t1.yml.swp' deleted in '/root/Migration-as-a-Service/ansible/config_files/infrastructure'
INFO:root: 05:25:15.935183 file '.t1.yml.swp' created in '/root/Migration-as-a-Service/ansible/config_files/infrastructure'
ERROR:root: 05:25:16.072546 FAILED to create infrastructure for tenant 
INFO:root: 05:25:16.072963 SUCCESSFULLY completed creating the required infrastructure for tenant 
INFO:root: 05:25:16.073160 file '.t1.yml.swp' modified in '/root/Migration-as-a-Service/ansible/config_files/infrastructure'
INFO:root: 05:25:16.073332 file '.t1.yml.swp' deleted in '/root/Migration-as-a-Service/ansible/config_files/infrastructure'
INFO:root: 05:26:28.961634 file '.t1.yml.swp' created in '/root/Migration-as-a-Service/ansible/config_files/infrastructure'
ERROR:root: 05:26:29.028806 FAILED to create infrastructure for tenant 
INFO:root: 05:26:29.029178 SUCCESSFULLY completed creating the required infrastructure for tenant 
INFO:root: 05:26:29.029332 file '.t1.yml.swx' created in '/root/Migration-as-a-Service/ansible/config_files/infrastructure'
ERROR:root: 05:26:29.180582 FAILED to create infrastructure for tenant 
INFO:root: 05:26:29.180965 SUCCESSFULLY completed creating the required infrastructure for tenant 
INFO:root: 05:26:29.181126 file '.t1.yml.swx' deleted in '/root/Migration-as-a-Service/ansible/config_files/infrastructure'
INFO:root: 05:26:29.181281 file '.t1.yml.swp' deleted in '/root/Migration-as-a-Service/ansible/config_files/infrastructure'
INFO:root: 05:26:29.181342 file '.t1.yml.swp' created in '/root/Migration-as-a-Service/ansible/config_files/infrastructure'
ERROR:root: 05:26:29.238152 FAILED to create infrastructure for tenant 
INFO:root: 05:26:29.238489 SUCCESSFULLY completed creating the required infrastructure for tenant 
INFO:root: 05:26:29.238648 file '.t1.yml.swp' modified in '/root/Migration-as-a-Service/ansible/config_files/infrastructure'
INFO:root: 05:26:33.019939 file '.t1.yml.swp' modified in '/root/Migration-as-a-Service/ansible/config_files/infrastructure'
INFO:root: 05:27:50.707244 file '.t1.yml.swp' deleted in '/root/Migration-as-a-Service/ansible/config_files/infrastructure'
INFO:root: 05:38:26.980931 file '.t1.yml.swp' created in '/root/Migration-as-a-Service/ansible/config_files/infrastructure'
ERROR:root: 05:38:27.034706 FAILED to create infrastructure for tenant 
INFO:root: 05:38:27.035037 SUCCESSFULLY completed creating the required infrastructure for tenant 
INFO:root: 05:38:27.035210 file '.t1.yml.swx' created in '/root/Migration-as-a-Service/ansible/config_files/infrastructure'
ERROR:root: 05:38:27.157215 FAILED to create infrastructure for tenant 
INFO:root: 05:38:27.157537 SUCCESSFULLY completed creating the required infrastructure for tenant 
INFO:root: 05:38:27.157713 file '.t1.yml.swx' deleted in '/root/Migration-as-a-Service/ansible/config_files/infrastructure'
INFO:root: 05:38:27.157824 file '.t1.yml.swp' deleted in '/root/Migration-as-a-Service/ansible/config_files/infrastructure'
INFO:root: 05:38:27.157938 file '.t1.yml.swp' created in '/root/Migration-as-a-Service/ansible/config_files/infrastructure'
ERROR:root: 05:38:27.208842 FAILED to create infrastructure for tenant 
INFO:root: 05:38:27.209147 SUCCESSFULLY completed creating the required infrastructure for tenant 
INFO:root: 05:38:27.209302 file '.t1.yml.swp' modified in '/root/Migration-as-a-Service/ansible/config_files/infrastructure'
INFO:root: 05:38:31.025010 file '.t1.yml.swp' modified in '/root/Migration-as-a-Service/ansible/config_files/infrastructure'
INFO:root: 05:39:56.829241 file '.t1.yml.swp' deleted in '/root/Migration-as-a-Service/ansible/config_files/infrastructure'
INFO:root: 05:43:26.693116 file 't1_mig.yml' created in '/root/Migration-as-a-Service/ansible/config_files/migration'
INFO:root: 05:43:26.695837 Created t1_migdirectory for tenant t1_mig.yml
INFO:root: 05:43:26.895954 file 't1_mig.yml' modified in '/root/Migration-as-a-Service/ansible/config_files/migration'
INFO:root: 05:49:05.124004 file 't1_mig.yml' created in '/root/Migration-as-a-Service/ansible/config_files/migration'
INFO:root: 05:49:05.299084 file 't1_mig.yml' modified in '/root/Migration-as-a-Service/ansible/config_files/migration'
INFO:root: 07:21:39.520050 file 't1_mig.yml' created in '/root/Migration-as-a-Service/ansible/config_files/migration'
INFO:root: 07:21:40.639270 file 't1_mig.yml' modified in '/root/Migration-as-a-Service/ansible/config_files/migration'
INFO:root: 07:23:49.368103 file 't1_mig.yml' created in '/root/Migration-as-a-Service/ansible/config_files/migration'
INFO:root: 07:23:50.445648 file 't1_mig.yml' modified in '/root/Migration-as-a-Service/ansible/config_files/migration'
INFO:root: 07:28:57.120327 file 't1_mig.yml' created in '/root/Migration-as-a-Service/ansible/config_files/migration'
INFO:root: 07:28:58.209865 file 't1_mig.yml' modified in '/root/Migration-as-a-Service/ansible/config_files/migration'
INFO:root: 07:32:13.243299 file 't1_mig.yml' created in '/root/Migration-as-a-Service/ansible/config_files/migration'
ERROR:root: 07:36:53.013209 FAILED to migrate for tenant t1_mig
INFO:root: 07:36:53.014236 file 't1_mig.yml' modified in '/root/Migration-as-a-Service/ansible/config_files/migration'
INFO:root: 07:40:59.358146 file 't2.yml' created in '/root/Migration-as-a-Service/ansible/config_files/infrastructure'
INFO:root: 07:40:59.362658 Created t2/VM_templates directory for tenant t2.yml
INFO:root: 07:48:37.750882 SUCCESSFULLY completed creating the required infrastructure for tenant t2
INFO:root: 07:48:37.753058 file 't2.yml' modified in '/root/Migration-as-a-Service/ansible/config_files/infrastructure'
INFO:root: 07:50:14.637772 file 't2_mig.yml' created in '/root/Migration-as-a-Service/ansible/config_files/migration'
INFO:root: 07:50:14.640154 Created t2_migdirectory for tenant t2_mig.yml
ERROR:root: 08:00:14.702843 FAILED to migrate for tenant t2_mig
INFO:root: 08:00:14.704629 file 't2_mig.yml' modified in '/root/Migration-as-a-Service/ansible/config_files/migration'
INFO:root: 08:21:08.843096 file 't3.yml' created in '/root/Migration-as-a-Service/ansible/config_files/infrastructure'
INFO:root: 08:21:08.848382 Created t3/VM_templates directory for tenant t3.yml
INFO:root: 08:29:15.914512 SUCCESSFULLY completed creating the required infrastructure for tenant t3
INFO:root: 08:29:15.917083 file 't3.yml' modified in '/root/Migration-as-a-Service/ansible/config_files/infrastructure'
INFO:root: 08:30:17.076063 file 't3_mig.yml' created in '/root/Migration-as-a-Service/ansible/config_files/migration'
INFO:root: 08:30:17.078781 Created t3_migdirectory for tenant t3_mig.yml
ERROR:root: 08:40:26.922256 FAILED to migrate for tenant t3_mig
INFO:root: 08:40:26.924016 file 't3_mig.yml' modified in '/root/Migration-as-a-Service/ansible/config_files/migration'
INFO:root: 10:33:05.935864 file 't4.yml' created in '/root/Migration-as-a-Service/ansible/config_files/infrastructure'
INFO:root: 10:33:05.960138 Created t4/VM_templates directory for tenant t4.yml
INFO:root: 10:44:22.374668 SUCCESSFULLY completed creating the required infrastructure for tenant t4
INFO:root: 10:44:22.376617 file 't4.yml' modified in '/root/Migration-as-a-Service/ansible/config_files/infrastructure'
INFO:root: 10:45:32.369451 file 't4_mig.yml' created in '/root/Migration-as-a-Service/ansible/config_files/migration'
INFO:root: 10:45:32.372820 Created t4_migdirectory for tenant t4_mig.yml
INFO:root: 11:02:30.333135 file 't4_mig.yml' modified in '/root/Migration-as-a-Service/ansible/config_files/migration'
INFO:root: 11:21:23.751563 file 't5.yml' created in '/root/Migration-as-a-Service/ansible/config_files/infrastructure'
INFO:root: 11:21:23.756598 Created t5/VM_templates directory for tenant t5.yml
ERROR:root: 11:24:49.863631 FAILED to create infrastructure for tenant t5
INFO:root: 11:24:49.864736 SUCCESSFULLY completed creating the required infrastructure for tenant t5
INFO:root: 11:24:49.865113 file 't5.yml' modified in '/root/Migration-as-a-Service/ansible/config_files/infrastructure'
INFO:root: 11:37:22.510610 file 't1.yml' created in '/root/Migration-as-a-Service/ansible/config_files/infrastructure'
INFO:root: 11:44:33.280394 SUCCESSFULLY completed creating the required infrastructure for tenant t1
INFO:root: 11:44:33.289597 file 't1.yml' modified in '/root/Migration-as-a-Service/ansible/config_files/infrastructure'
INFO:root: 11:47:56.120973 file 't1_mig.yml' created in '/root/Migration-as-a-Service/ansible/config_files/migration'
ERROR:root: 11:47:56.489462 FAILED to migrate for tenant t1_mig
INFO:root: 11:47:56.489935 file 't1_mig.yml' modified in '/root/Migration-as-a-Service/ansible/config_files/migration'
INFO:root: 11:49:25.965369 file 't1_mig.yml' created in '/root/Migration-as-a-Service/ansible/config_files/migration'
ERROR:root: 11:49:26.099398 FAILED to migrate for tenant t1_mig
INFO:root: 11:49:26.099993 file 't1_mig.yml' modified in '/root/Migration-as-a-Service/ansible/config_files/migration'
INFO:root: 11:50:19.531754 file 't1_mig.yml' created in '/root/Migration-as-a-Service/ansible/config_files/migration'
ERROR:root: 11:50:19.651917 FAILED to migrate for tenant t1_mig
INFO:root: 11:50:19.652368 file 't1_mig.yml' modified in '/root/Migration-as-a-Service/ansible/config_files/migration'
INFO:root: 11:51:15.068527 file 't1_mig.yml' created in '/root/Migration-as-a-Service/ansible/config_files/migration'
ERROR:root: 11:51:15.176838 FAILED to migrate for tenant t1_mig
INFO:root: 11:51:15.177303 file 't1_mig.yml' modified in '/root/Migration-as-a-Service/ansible/config_files/migration'
INFO:root: 11:51:59.017289 file 't1_mig.yml' created in '/root/Migration-as-a-Service/ansible/config_files/migration'
ERROR:root: 11:51:59.139478 FAILED to migrate for tenant t1_mig
INFO:root: 11:51:59.139989 file 't1_mig.yml' modified in '/root/Migration-as-a-Service/ansible/config_files/migration'
INFO:root: 11:52:52.795322 file 't1_mig.yml' created in '/root/Migration-as-a-Service/ansible/config_files/migration'
ERROR:root: 11:52:52.908773 FAILED to migrate for tenant t1_mig
INFO:root: 11:52:52.909331 file 't1_mig.yml' modified in '/root/Migration-as-a-Service/ansible/config_files/migration'
INFO:root: 11:53:52.474659 file 't1_mig.yml' created in '/root/Migration-as-a-Service/ansible/config_files/migration'
ERROR:root: 11:53:52.623658 FAILED to migrate for tenant t1_mig
INFO:root: 11:53:52.624331 file 't1_mig.yml' modified in '/root/Migration-as-a-Service/ansible/config_files/migration'
INFO:root: 11:54:39.035926 file 't1_mig.yml' created in '/root/Migration-as-a-Service/ansible/config_files/migration'
ERROR:root: 11:54:39.165603 FAILED to migrate for tenant t1_mig
INFO:root: 11:54:39.166089 file 't1_mig.yml' modified in '/root/Migration-as-a-Service/ansible/config_files/migration'
INFO:root: 11:55:21.909424 file 't1_mig.yml' created in '/root/Migration-as-a-Service/ansible/config_files/migration'
ERROR:root: 12:10:31.035087 FAILED to migrate for tenant t1_mig
INFO:root: 12:10:31.036884 file 't1_mig.yml' modified in '/root/Migration-as-a-Service/ansible/config_files/migration'
